Start testing: Jun 08 18:06 EDT
----------------------------------------------------------
1/1 Testing: LibBSE_mpi
1/1 Test: LibBSE_mpi
Command: "/nas/sycamore/apps/mvapich/4.0/intel_2024.2.1/bin/mpiexec" "-n" "2" "/nas/longleaf/home/lsr/5_LibBSE/LibBSE/build/LibBSE" "."
Directory: /nas/longleaf/home/lsr/5_LibBSE/LibBSE/build
"LibBSE_mpi" start time: Jun 08 18:06 EDT
Output:
----------------------------------------------------------
Successfully initialized io! 
Rank = 0: Test mpi, Current work directory is set in: . .
Rank = 1: Test mpi, Current work directory is set in: . .
<end of output>
Test time =   2.08 sec
----------------------------------------------------------
Test Passed.
"LibBSE_mpi" end time: Jun 08 18:06 EDT
"LibBSE_mpi" time elapsed: 00:00:02
----------------------------------------------------------

End testing: Jun 08 18:06 EDT
